BACI System: C-- to PCODE Compiler, 10/03/2010
Source file: C:\programming\jbaci_raveh.gonen\examples\graphics\graphics.cm  Sat Apr 17 07:29:47 2010
 line  pc
   1    0  // Demonstate jBACI graphics; fragment of alien program.
   2    0  #include "../gdefs.cm"
>   1    0  // Constants for jBACI graphcs
>   2    0  const
>   3    0     int RED   = 1; int BLACK   = 2; int BLUE  = 3; int YELLOW = 4;
>   4    0     int GREEN = 5; int MAGENTA = 6; int WHITE = 7;
>   5    0     
>   6    0     int CIRCLE         = 1; 
>   7    0     int LINE           = 2; 
>   8    0     int RECTANGLE      = 3; 
>   9    0     int TRIANGLE       = 4; 
>  10    0     int ANIMAGE        = 5;
>  11    0     int RNDRECT 		  = 6;
>  12    0     int LINE_CIRCLE    = 21; 
>  13    0     int LINE_RECTANGLE = 22; 
>  14    0     int LINE_TRIANGLE  = 23; 
>  15    0     int LINE_RNDRECT   = 24;
>  16    0     int NUMBER_BOX     = 25;
>  17    0     
>  18    0  
Returning to file C:\programming\jbaci_raveh.gonen\examples\graphics\graphics.cm
   3    0  const
   4    0      int BG = 20;
   5    0  	int ALIENHEAD = 21;	
   6    0  	int ALIENBODY = 22;
   7    0  	int MISSILEHEAD = 23; 	
   8    0  	int MISSILEBODY = 24;
   9    0  
  10    0      binarysem s = 1;
  11    0  
  12    0  	void MoveAlien() {
  13    0  		int i;
  14    0  		for (i = 1; i < 40; i++) {
  15   14  			wait(s);
  16   16  			moveby(ALIENHEAD, 10, 0);
  17   20  			moveby(ALIENBODY, 10, 0);
  18   24  			signal(s);
  19   26  		}
  20   27  	}
  21   28  
  22   28  	void Shoot() {
  23   28  		int i;
  24   28  		for (i = 1; i < 40; i++) {
  25   42  			wait(s);
  26   44  			moveby(MISSILEHEAD, 0, -11);
  27   49  			moveby(MISSILEBODY, 0, -11);
  28   54  			signal(s); 
  29   56  		}
  30   57  	}
  31   58  
  32   58  void main() {
  33   59  	int i,j,k=0;
  34   62  	create(BG, RNDRECT, YELLOW, 0, 0, -1, -1); // Full Screen
  35   72  	create(ALIENBODY,   RECTANGLE, RED,   30, 50,  30, 30);
  36   80  	create(ALIENHEAD,   CIRCLE,    RED,   60, 50,  30, 30);	
  37   88  	create(MISSILEBODY, RECTANGLE, BLUE, 400, 400, 30, 50);
  38   96  	create(MISSILEHEAD, TRIANGLE,  BLUE, 415, 370, 30, 30);
  39  104  
  40  104  	create(29, ANIMAGE       , 0  , 120, 100, -1, -1);
  41  114  	create(30, LINE_RECTANGLE, RED, 20, 40 , 20, 20);
  42  122  	create(31, LINE_CIRCLE   , RED, 20, 60 , 20, 20);
  43  130  	create(32, LINE_TRIANGLE , RED, 20, 80 , 20, 20);
  44  138  	create(33, LINE_RNDRECT  , RED, 20, 100, 20, 20);
  45  146  	create(34, RNDRECT       , RED, 20, 120, 20, 20);
  46  154  	create(35, NUMBER_BOX    , GREEN , 20, 140, 20, 20);
  47  162  	create(36, NUMBER_BOX    , BLUE  , 20, 160, 40, 40);
  48  170  	create(37, NUMBER_BOX    , YELLOW, 20, 200, 60, 60);
  49  178  	create(38, NUMBER_BOX    , 10    , 20, 260, 80, 80); // use color 10
  50  186  
  51  186  	for (j=0; j<10; ++j) {
  52  200  		for (i=0; i<48; ++i) {
  53  214  			create(39+k, NUMBER_BOX, k, (i*10), 360+(j*10), 10, 10); 
  54  230  			++k;
  55  235  		}
  56  236  	}
  57  237  	
  58  237  
  59  237  	cobegin {
  60  238  		Shoot();
  61  241  		MoveAlien();
  62  244  	}
  63  245  }
